www
www.d3v3|0p3r
hum@n0$
@pp$<r!pt
!nf0@mp
<|!v3w@|k3r78
$3hh
@br@|
h@r!$@nk@r-kr!$hn@$w@my
<y63rw0r|d
t@r@n9p@n<h@|
@ndr0!dkr
m@r<3|0j@b@|!
dyn@m!<r3p0rt$
rd2007m@<
t3@w!thth3m@dh@<k3r
b!93@r$b|09
9|3!<hm@nn
!|!nku0
f!r3-$t0rm
f|0r3ntp0u$$3r0t
r@nj!tht3nz
www.<|
d3vk!<0
n9
p3@<3|0v3b33r
@|um
<0d3-$00
my$<r!ptb!t$
www.w3bm@$t3r
www2.f!|9
br@dy
r@f@<@$t@nh0
3p!@ndr0!d|@b
www.|0k@t3
k@rth!k$3|v@
www.t33nt@<k
9r!ph0*
t@nt@|u$
$t3f@n
m@tt-f0rdh@m
b!t<@!rn.w3b
p3t@z3t@byt3$
90nb33
v!<t0rf3rn91
$@rk!3$
d3b!t$@p@|@br@$
d!@$p0r@
@|!$@j3d!
!@mwpj
www.r00t3d<0r3
byt3$0f<0d3
www.th3du|<3t3|!*!r
$!mp|3
w!||!@m<u$t0d3
9urb!rk@|$!
!d3
r9r@m@nn
k@rth!k
$t233262.m3!|
q@$3|3n!um
j@v@tut0r!@|$4u
d3||u
m0$<0w
br$@<h!n
d0n!bry$0n!mb@9@
z$3r-@rt
@ndr3$<@n@v3$!
n3|@@r0
@rn@v-9ud!b@nd3
pr@kumk
v!d0r$0|u|t!0n$
9r@h@mn@$h
|33j0
ju@n<@r|u<<!
www.|!b
t3rry|u87
@rv0n|!n3
$up3rfun<00|3p!<9@m3rw0r|d
www.pyw0nd3r$
3m!|h3rnv@||
n@vy$3@!
r@j!n<yb3r$p@<3
<h@rm!$
zkw@r|
www.$unj@v@$t@r
<h!$qr
$0ftw@r3d3v3|0pm3ntt0d@y
@nuj@|k
www.th3h@n$b3||0
